<?xml version="1.0" encoding="UTF-8"?>
<!-- Generated by org.testng.reporters.JUnitReportReporter -->
<testsuite skipped="0" hostname="WINDOWS-RM6RKV3" name="LoginGoogle" tests="1" failures="0" timestamp="2021-06-18T11:53:41 IST" time="5.687" errors="0">
  <testcase name="loginpage" time="5.687" classname="LoginGoogle"/>
  <system-out/>
</testsuite> <!-- LoginGoogle -->
